<?xml version="1.0" encoding="UTF-8"?>
<TestRun id="1c49ec26-c247-4455-a9ca-913ceb26a1e9" name="TLydon@GBLUTWL0923003 2015-11-29 12:46:38" runUser="PRG-DC\TLydon" xmlns="http://microsoft.com/schemas/VisualStudio/TeamTest/2010">
  <TestSettings name="Local" id="6daaebba-2dce-4d7e-938b-d35c8bca1281">
    <Description>These are default test settings for a local test run.</Description>
    <Deployment enabled="false" runDeploymentRoot="TLydon_GBLUTWL0923003 2015-11-29 12_46_38">
      <DeploymentItem filename="C:\Users\tlydon\Documents\GitHub\MazeSolver\MazeSolver\bin\Debug\MazeSolver.exe" />
    </Deployment>
    <Execution>
      <TestTypeSpecific />
      <AgentRule name="Execution Agents">
      </AgentRule>
    </Execution>
  </TestSettings>
  <Times creation="2015-11-29T12:46:38.1785322+00:00" queuing="2015-11-29T12:46:39.3065968+00:00" start="2015-11-29T12:46:39.4056024+00:00" finish="2015-11-29T12:46:49.6491883+00:00" />
  <ResultSummary outcome="Completed">
    <Counters total="2" executed="2" passed="2" error="0" failed="0" timeout="0" aborted="0" inconclusive="0" passedButRunAborted="0" notRunnable="0" notExecuted="0" disconnected="0" warning="0" completed="0" inProgress="0" pending="0" />
  </ResultSummary>
  <TestDefinitions>
    <UnitTest name="AStarTest" storage="c:\users\tlydon\documents\github\mazesolver\mazesolverunittest\bin\debug\mazesolverunittest.dll" id="afe5a1d7-7b3f-1b1f-6a47-421997605245">
      <Execution id="5fdb0f47-555f-4b2d-99ec-13e6c54554b0" />
      <TestMethod codeBase="C:/Users/tlydon/Documents/GitHub/MazeSolver/MazeSolverUnitTest/bin/Debug/MazeSolverUnitTest.DLL" adapterTypeName="Microsoft.VisualStudio.TestTools.TestTypes.Unit.UnitTestAdapter, Microsoft.VisualStudio.QualityTools.Tips.UnitTest.Adapter, Version=10.0.0.0, Culture=neutral, PublicKeyToken=b03f5f7f11d50a3a" className="MazeSolverUnitTest.SolverTests, MazeSolverUnitTest, Version=1.0.0.0, Culture=neutral, PublicKeyToken=null" name="AStarTest" />
    </UnitTest>
    <UnitTest name="RecursionTest" storage="c:\users\tlydon\documents\github\mazesolver\mazesolverunittest\bin\debug\mazesolverunittest.dll" id="3ff19924-0452-a907-e430-4bdc70e75850">
      <Execution id="02f67870-37ce-4c5b-8519-3daa902dbe36" />
      <TestMethod codeBase="C:/Users/tlydon/Documents/GitHub/MazeSolver/MazeSolverUnitTest/bin/Debug/MazeSolverUnitTest.DLL" adapterTypeName="Microsoft.VisualStudio.TestTools.TestTypes.Unit.UnitTestAdapter, Microsoft.VisualStudio.QualityTools.Tips.UnitTest.Adapter, Version=10.0.0.0, Culture=neutral, PublicKeyToken=b03f5f7f11d50a3a" className="MazeSolverUnitTest.SolverTests, MazeSolverUnitTest, Version=1.0.0.0, Culture=neutral, PublicKeyToken=null" name="RecursionTest" />
    </UnitTest>
  </TestDefinitions>
  <TestLists>
    <TestList name="Results Not in a List" id="8c84fa94-04c1-424b-9868-57a2d4851a1d" />
    <TestList name="All Loaded Results" id="19431567-8539-422a-85d7-44ee4e166bda" />
  </TestLists>
  <TestEntries>
    <TestEntry testId="3ff19924-0452-a907-e430-4bdc70e75850" executionId="02f67870-37ce-4c5b-8519-3daa902dbe36" testListId="8c84fa94-04c1-424b-9868-57a2d4851a1d" />
    <TestEntry testId="afe5a1d7-7b3f-1b1f-6a47-421997605245" executionId="5fdb0f47-555f-4b2d-99ec-13e6c54554b0" testListId="8c84fa94-04c1-424b-9868-57a2d4851a1d" />
  </TestEntries>
  <Results>
    <UnitTestResult executionId="02f67870-37ce-4c5b-8519-3daa902dbe36" testId="3ff19924-0452-a907-e430-4bdc70e75850" testName="RecursionTest" computerName="GBLUTWL0923003" duration="00:00:09.3962913" startTime="2015-11-29T12:46:39.4826068+00:00" endTime="2015-11-29T12:46:49.5711839+00:00" testType="13cdc9d9-ddb5-4fa4-a97d-d965ccfc6d4b" outcome="Passed" testListId="8c84fa94-04c1-424b-9868-57a2d4851a1d" relativeResultsDirectory="02f67870-37ce-4c5b-8519-3daa902dbe36">
    </UnitTestResult>
    <UnitTestResult executionId="5fdb0f47-555f-4b2d-99ec-13e6c54554b0" testId="afe5a1d7-7b3f-1b1f-6a47-421997605245" testName="AStarTest" computerName="GBLUTWL0923003" duration="00:00:00.0029021" startTime="2015-11-29T12:46:49.5851847+00:00" endTime="2015-11-29T12:46:49.5931851+00:00" testType="13cdc9d9-ddb5-4fa4-a97d-d965ccfc6d4b" outcome="Passed" testListId="8c84fa94-04c1-424b-9868-57a2d4851a1d" relativeResultsDirectory="5fdb0f47-555f-4b2d-99ec-13e6c54554b0">
    </UnitTestResult>
  </Results>
</TestRun>