<?xml version="1.0" encoding="UTF-8"?>
<TestRun id="91860f37-dd92-4c4c-8582-8f4b637b4b41" name="TLydon@GBLUTWL0923003 2015-11-29 12:55:51" runUser="PRG-DC\TLydon" xmlns="http://microsoft.com/schemas/VisualStudio/TeamTest/2010">
  <TestSettings name="Local" id="6daaebba-2dce-4d7e-938b-d35c8bca1281">
    <Description>These are default test settings for a local test run.</Description>
    <Deployment enabled="false" runDeploymentRoot="TLydon_GBLUTWL0923003 2015-11-29 12_55_51">
      <DeploymentItem filename="C:\Users\tlydon\Documents\GitHub\MazeSolver\MazeSolver\bin\Debug\MazeSolver.exe" />
    </Deployment>
    <Execution>
      <TestTypeSpecific />
      <AgentRule name="Execution Agents">
      </AgentRule>
    </Execution>
  </TestSettings>
  <Times creation="2015-11-29T12:55:51.3951744+00:00" queuing="2015-11-29T12:55:52.6222446+00:00" start="2015-11-29T12:55:52.8092553+00:00" finish="2015-11-29T12:56:14.2144796+00:00" />
  <ResultSummary outcome="Error">
    <Counters total="2" executed="2" passed="1" error="0" failed="0" timeout="0" aborted="1" inconclusive="0" passedButRunAborted="0" notRunnable="0" notExecuted="0" disconnected="0" warning="0" completed="0" inProgress="0" pending="0" />
    <RunInfos>
      <RunInfo computerName="GBLUTWL0923003" outcome="Error" timestamp="2015-11-29T12:56:14.1744773+00:00">
        <Text>Test host process exited unexpectedly.</Text>
      </RunInfo>
    </RunInfos>
  </ResultSummary>
  <TestDefinitions>
    <UnitTest name="AStarTest" storage="c:\users\tlydon\documents\github\mazesolver\mazesolverunittest\bin\debug\mazesolverunittest.dll" id="afe5a1d7-7b3f-1b1f-6a47-421997605245">
      <Execution id="1ddb2d90-2955-492c-8b48-f4dd256ed390" />
      <TestMethod codeBase="C:/Users/tlydon/Documents/GitHub/MazeSolver/MazeSolverUnitTest/bin/Debug/MazeSolverUnitTest.DLL" adapterTypeName="Microsoft.VisualStudio.TestTools.TestTypes.Unit.UnitTestAdapter, Microsoft.VisualStudio.QualityTools.Tips.UnitTest.Adapter, Version=10.0.0.0, Culture=neutral, PublicKeyToken=b03f5f7f11d50a3a" className="MazeSolverUnitTest.SolverTests, MazeSolverUnitTest, Version=1.0.0.0, Culture=neutral, PublicKeyToken=null" name="AStarTest" />
    </UnitTest>
    <UnitTest name="RecursionTest" storage="c:\users\tlydon\documents\github\mazesolver\mazesolverunittest\bin\debug\mazesolverunittest.dll" id="3ff19924-0452-a907-e430-4bdc70e75850">
      <Execution id="c5300368-4107-4d40-b21e-92545937720c" />
      <TestMethod codeBase="C:/Users/tlydon/Documents/GitHub/MazeSolver/MazeSolverUnitTest/bin/Debug/MazeSolverUnitTest.DLL" adapterTypeName="Microsoft.VisualStudio.TestTools.TestTypes.Unit.UnitTestAdapter, Microsoft.VisualStudio.QualityTools.Tips.UnitTest.Adapter, Version=10.0.0.0, Culture=neutral, PublicKeyToken=b03f5f7f11d50a3a" className="MazeSolverUnitTest.SolverTests, MazeSolverUnitTest, Version=1.0.0.0, Culture=neutral, PublicKeyToken=null" name="RecursionTest" />
    </UnitTest>
  </TestDefinitions>
  <TestLists>
    <TestList name="Results Not in a List" id="8c84fa94-04c1-424b-9868-57a2d4851a1d" />
    <TestList name="All Loaded Results" id="19431567-8539-422a-85d7-44ee4e166bda" />
  </TestLists>
  <TestEntries>
    <TestEntry testId="3ff19924-0452-a907-e430-4bdc70e75850" executionId="c5300368-4107-4d40-b21e-92545937720c" testListId="8c84fa94-04c1-424b-9868-57a2d4851a1d" />
    <TestEntry testId="afe5a1d7-7b3f-1b1f-6a47-421997605245" executionId="1ddb2d90-2955-492c-8b48-f4dd256ed390" testListId="8c84fa94-04c1-424b-9868-57a2d4851a1d" />
  </TestEntries>
  <Results>
    <UnitTestResult executionId="c5300368-4107-4d40-b21e-92545937720c" testId="3ff19924-0452-a907-e430-4bdc70e75850" testName="RecursionTest" computerName="GBLUTWL0923003" duration="00:00:02.3485540" startTime="2015-11-29T12:55:52.8952602+00:00" endTime="2015-11-29T12:55:55.9394343+00:00" testType="13cdc9d9-ddb5-4fa4-a97d-d965ccfc6d4b" outcome="Passed" testListId="8c84fa94-04c1-424b-9868-57a2d4851a1d" relativeResultsDirectory="c5300368-4107-4d40-b21e-92545937720c">
    </UnitTestResult>
    <UnitTestResult executionId="1ddb2d90-2955-492c-8b48-f4dd256ed390" testId="afe5a1d7-7b3f-1b1f-6a47-421997605245" testName="AStarTest" computerName="GBLUTWL0923003" duration="00:00:18.2630446" startTime="2015-11-29T12:55:55.9514350+00:00" endTime="2015-11-29T12:56:14.2144796+00:00" testType="13cdc9d9-ddb5-4fa4-a97d-d965ccfc6d4b" outcome="Aborted" testListId="8c84fa94-04c1-424b-9868-57a2d4851a1d" relativeResultsDirectory="1ddb2d90-2955-492c-8b48-f4dd256ed390">
    </UnitTestResult>
  </Results>
</TestRun>