<?xml version="1.0" encoding="UTF-8"?>
<TestRun id="b67a15af-b3b3-4dc3-974a-f07ca29ace74" name="TLydon@GBLUTWL0923003 2015-11-29 12:55:10" runUser="PRG-DC\TLydon" xmlns="http://microsoft.com/schemas/VisualStudio/TeamTest/2010">
  <TestSettings name="Local" id="6daaebba-2dce-4d7e-938b-d35c8bca1281">
    <Description>These are default test settings for a local test run.</Description>
    <Deployment enabled="false" runDeploymentRoot="TLydon_GBLUTWL0923003 2015-11-29 12_55_10">
      <DeploymentItem filename="C:\Users\tlydon\Documents\GitHub\MazeSolver\MazeSolver\bin\Debug\MazeSolver.exe" />
    </Deployment>
    <Execution>
      <TestTypeSpecific />
      <AgentRule name="Execution Agents">
      </AgentRule>
    </Execution>
  </TestSettings>
  <Times creation="2015-11-29T12:55:10.4088301+00:00" queuing="2015-11-29T12:55:11.5508955+00:00" start="2015-11-29T12:55:11.6379004+00:00" finish="2015-11-29T12:55:48.9190328+00:00" />
  <ResultSummary outcome="Error">
    <Counters total="2" executed="1" error="0" failed="0" timeout="0" aborted="1" inconclusive="0" passedButRunAborted="0" notRunnable="0" notExecuted="1" disconnected="0" warning="0" passed="0" completed="0" inProgress="0" pending="0" />
    <RunInfos>
      <RunInfo computerName="GBLUTWL0923003" outcome="Error" timestamp="2015-11-29T12:55:48.9180327+00:00">
        <Text>Test host process exited unexpectedly.</Text>
      </RunInfo>
    </RunInfos>
  </ResultSummary>
  <TestDefinitions>
    <UnitTest name="AStarTest" storage="c:\users\tlydon\documents\github\mazesolver\mazesolverunittest\bin\debug\mazesolverunittest.dll" id="afe5a1d7-7b3f-1b1f-6a47-421997605245">
      <Execution id="16d4197d-8c9a-40d1-9aca-35ecce37dec6" />
      <TestMethod codeBase="C:/Users/tlydon/Documents/GitHub/MazeSolver/MazeSolverUnitTest/bin/Debug/MazeSolverUnitTest.DLL" adapterTypeName="Microsoft.VisualStudio.TestTools.TestTypes.Unit.UnitTestAdapter, Microsoft.VisualStudio.QualityTools.Tips.UnitTest.Adapter, Version=10.0.0.0, Culture=neutral, PublicKeyToken=b03f5f7f11d50a3a" className="MazeSolverUnitTest.SolverTests, MazeSolverUnitTest, Version=1.0.0.0, Culture=neutral, PublicKeyToken=null" name="AStarTest" />
    </UnitTest>
    <UnitTest name="RecursionTest" storage="c:\users\tlydon\documents\github\mazesolver\mazesolverunittest\bin\debug\mazesolverunittest.dll" id="3ff19924-0452-a907-e430-4bdc70e75850">
      <Execution id="8d4ab15f-af44-4b03-876e-ad33dff5ee63" />
      <TestMethod codeBase="C:/Users/tlydon/Documents/GitHub/MazeSolver/MazeSolverUnitTest/bin/Debug/MazeSolverUnitTest.DLL" adapterTypeName="Microsoft.VisualStudio.TestTools.TestTypes.Unit.UnitTestAdapter, Microsoft.VisualStudio.QualityTools.Tips.UnitTest.Adapter, Version=10.0.0.0, Culture=neutral, PublicKeyToken=b03f5f7f11d50a3a" className="MazeSolverUnitTest.SolverTests, MazeSolverUnitTest, Version=1.0.0.0, Culture=neutral, PublicKeyToken=null" name="RecursionTest" />
    </UnitTest>
  </TestDefinitions>
  <TestLists>
    <TestList name="Results Not in a List" id="8c84fa94-04c1-424b-9868-57a2d4851a1d" />
    <TestList name="All Loaded Results" id="19431567-8539-422a-85d7-44ee4e166bda" />
  </TestLists>
  <TestEntries>
    <TestEntry testId="3ff19924-0452-a907-e430-4bdc70e75850" executionId="8d4ab15f-af44-4b03-876e-ad33dff5ee63" testListId="8c84fa94-04c1-424b-9868-57a2d4851a1d" />
    <TestEntry testId="afe5a1d7-7b3f-1b1f-6a47-421997605245" executionId="16d4197d-8c9a-40d1-9aca-35ecce37dec6" testListId="8c84fa94-04c1-424b-9868-57a2d4851a1d" />
  </TestEntries>
  <Results>
    <UnitTestResult executionId="8d4ab15f-af44-4b03-876e-ad33dff5ee63" testId="3ff19924-0452-a907-e430-4bdc70e75850" testName="RecursionTest" computerName="GBLUTWL0923003" duration="00:00:37.2021278" startTime="2015-11-29T12:55:11.7169050+00:00" endTime="2015-11-29T12:55:48.9190328+00:00" testType="13cdc9d9-ddb5-4fa4-a97d-d965ccfc6d4b" outcome="Aborted" testListId="8c84fa94-04c1-424b-9868-57a2d4851a1d" relativeResultsDirectory="8d4ab15f-af44-4b03-876e-ad33dff5ee63">
    </UnitTestResult>
    <UnitTestResult executionId="16d4197d-8c9a-40d1-9aca-35ecce37dec6" testId="afe5a1d7-7b3f-1b1f-6a47-421997605245" testName="AStarTest" computerName="GBLUTWL0923003" testType="13cdc9d9-ddb5-4fa4-a97d-d965ccfc6d4b" outcome="NotExecuted" testListId="8c84fa94-04c1-424b-9868-57a2d4851a1d" relativeResultsDirectory="16d4197d-8c9a-40d1-9aca-35ecce37dec6">
    </UnitTestResult>
  </Results>
</TestRun>