<?xml version="1.0" encoding="UTF-8"?>
<TestRun id="66a0e9fa-1629-4816-9791-bb59a55b094f" name="TLydon@GBLUTWL0923003 2015-11-29 12:54:47" runUser="PRG-DC\TLydon" xmlns="http://microsoft.com/schemas/VisualStudio/TeamTest/2010">
  <TestSettings name="Local" id="6daaebba-2dce-4d7e-938b-d35c8bca1281">
    <Description>These are default test settings for a local test run.</Description>
    <Deployment enabled="false" runDeploymentRoot="TLydon_GBLUTWL0923003 2015-11-29 12_54_47">
      <DeploymentItem filename="C:\Users\tlydon\Documents\GitHub\MazeSolver\MazeSolver\bin\Debug\MazeSolver.exe" />
    </Deployment>
    <Execution>
      <TestTypeSpecific />
      <AgentRule name="Execution Agents">
      </AgentRule>
    </Execution>
  </TestSettings>
  <Times creation="2015-11-29T12:54:47.8395392+00:00" queuing="2015-11-29T12:54:48.8925995+00:00" start="2015-11-29T12:54:48.9786044+00:00" finish="2015-11-29T12:55:05.2155331+00:00" />
  <ResultSummary outcome="Error">
    <Counters total="2" executed="1" error="0" failed="0" timeout="0" aborted="1" inconclusive="0" passedButRunAborted="0" notRunnable="0" notExecuted="1" disconnected="0" warning="0" passed="0" completed="0" inProgress="0" pending="0" />
    <RunInfos>
      <RunInfo computerName="GBLUTWL0923003" outcome="Error" timestamp="2015-11-29T12:55:05.2145330+00:00">
        <Text>Test host process exited unexpectedly.</Text>
      </RunInfo>
    </RunInfos>
  </ResultSummary>
  <TestDefinitions>
    <UnitTest name="AStarTest" storage="c:\users\tlydon\documents\github\mazesolver\mazesolverunittest\bin\debug\mazesolverunittest.dll" id="afe5a1d7-7b3f-1b1f-6a47-421997605245">
      <Execution id="39e5f48e-8a6c-440c-8da7-c6208e1d9bba" />
      <TestMethod codeBase="C:/Users/tlydon/Documents/GitHub/MazeSolver/MazeSolverUnitTest/bin/Debug/MazeSolverUnitTest.DLL" adapterTypeName="Microsoft.VisualStudio.TestTools.TestTypes.Unit.UnitTestAdapter, Microsoft.VisualStudio.QualityTools.Tips.UnitTest.Adapter, Version=10.0.0.0, Culture=neutral, PublicKeyToken=b03f5f7f11d50a3a" className="MazeSolverUnitTest.SolverTests, MazeSolverUnitTest, Version=1.0.0.0, Culture=neutral, PublicKeyToken=null" name="AStarTest" />
    </UnitTest>
    <UnitTest name="RecursionTest" storage="c:\users\tlydon\documents\github\mazesolver\mazesolverunittest\bin\debug\mazesolverunittest.dll" id="3ff19924-0452-a907-e430-4bdc70e75850">
      <Execution id="7061deae-a5ce-44bd-97d9-575e84541bf0" />
      <TestMethod codeBase="C:/Users/tlydon/Documents/GitHub/MazeSolver/MazeSolverUnitTest/bin/Debug/MazeSolverUnitTest.DLL" adapterTypeName="Microsoft.VisualStudio.TestTools.TestTypes.Unit.UnitTestAdapter, Microsoft.VisualStudio.QualityTools.Tips.UnitTest.Adapter, Version=10.0.0.0, Culture=neutral, PublicKeyToken=b03f5f7f11d50a3a" className="MazeSolverUnitTest.SolverTests, MazeSolverUnitTest, Version=1.0.0.0, Culture=neutral, PublicKeyToken=null" name="RecursionTest" />
    </UnitTest>
  </TestDefinitions>
  <TestLists>
    <TestList name="Results Not in a List" id="8c84fa94-04c1-424b-9868-57a2d4851a1d" />
    <TestList name="All Loaded Results" id="19431567-8539-422a-85d7-44ee4e166bda" />
  </TestLists>
  <TestEntries>
    <TestEntry testId="3ff19924-0452-a907-e430-4bdc70e75850" executionId="7061deae-a5ce-44bd-97d9-575e84541bf0" testListId="8c84fa94-04c1-424b-9868-57a2d4851a1d" />
    <TestEntry testId="afe5a1d7-7b3f-1b1f-6a47-421997605245" executionId="39e5f48e-8a6c-440c-8da7-c6208e1d9bba" testListId="8c84fa94-04c1-424b-9868-57a2d4851a1d" />
  </TestEntries>
  <Results>
    <UnitTestResult executionId="7061deae-a5ce-44bd-97d9-575e84541bf0" testId="3ff19924-0452-a907-e430-4bdc70e75850" testName="RecursionTest" computerName="GBLUTWL0923003" duration="00:00:16.1579242" startTime="2015-11-29T12:54:49.0576089+00:00" endTime="2015-11-29T12:55:05.2155331+00:00" testType="13cdc9d9-ddb5-4fa4-a97d-d965ccfc6d4b" outcome="Aborted" testListId="8c84fa94-04c1-424b-9868-57a2d4851a1d" relativeResultsDirectory="7061deae-a5ce-44bd-97d9-575e84541bf0">
    </UnitTestResult>
    <UnitTestResult executionId="39e5f48e-8a6c-440c-8da7-c6208e1d9bba" testId="afe5a1d7-7b3f-1b1f-6a47-421997605245" testName="AStarTest" computerName="GBLUTWL0923003" testType="13cdc9d9-ddb5-4fa4-a97d-d965ccfc6d4b" outcome="NotExecuted" testListId="8c84fa94-04c1-424b-9868-57a2d4851a1d" relativeResultsDirectory="39e5f48e-8a6c-440c-8da7-c6208e1d9bba">
    </UnitTestResult>
  </Results>
</TestRun>